0 info it worked if it ends with ok
1 verbose cli [ 'C:\\Program Files\\nodejs\\node.exe',
1 verbose cli   'D:\\ProgramFiles\\nodejs\\node_global\\node_modules\\npm\\bin\\npm-cli.js',
1 verbose cli   'run',
1 verbose cli   'build' ]
2 info using npm@4.0.3
3 info using node@v7.2.1
4 verbose run-script [ 'prebuild', 'build', 'postbuild' ]
5 info lifecycle test@1.0.0~prebuild: test@1.0.0
6 silly lifecycle test@1.0.0~prebuild: no script for prebuild, continuing
7 info lifecycle test@1.0.0~build: test@1.0.0
8 verbose lifecycle test@1.0.0~build: unsafe-perm in lifecycle true
9 verbose lifecycle test@1.0.0~build: PATH: D:\ProgramFiles\nodejs\node_global\node_modules\npm\bin\node-gyp-bin;E:\git\test\node_modules\.bin;C:\WINDOWS\system32;C:\WINDOWS;C:\WINDOWS\System32\Wbem;C:\WINDOWS\System32\WindowsPowerShell\v1.0\;C:\Program Files\doxygen\bin;D:\ProgramFiles\GnuWin32\bin;C:\Program Files\nodejs;D:\ProgramFiles\nodejs\node_global;C:\WINDOWS\system32\config\systemprofile\.dnx\bin;C:\Program Files\Microsoft DNX\Dnvm\;C:\Program Files\Microsoft SQL Server\120\Tools\Binn\;C:\Program Files\Microsoft SQL Server\130\Tools\Binn\;C:\Program Files\Git\cmd;C:\Program Files\TortoiseGit\bin;C:\Users\admin\AppData\Local\Microsoft\WindowsApps;C:\Users\admin\AppData\Roaming\npm;C:\Program Files (x86)\Microsoft VS Code\bin
10 verbose lifecycle test@1.0.0~build: CWD: E:\git\test
11 silly lifecycle test@1.0.0~build: Args: [ '/d /s /c', 'babel test -d test_dev -s --retain-lines' ]
12 silly lifecycle test@1.0.0~build: Returned: code: 2  signal: null
13 info lifecycle test@1.0.0~build: Failed to exec build script
14 verbose stack Error: test@1.0.0 build: `babel test -d test_dev -s --retain-lines`
14 verbose stack Exit status 2
14 verbose stack     at EventEmitter.<anonymous> (D:\ProgramFiles\nodejs\node_global\node_modules\npm\lib\utils\lifecycle.js:279:16)
14 verbose stack     at emitTwo (events.js:106:13)
14 verbose stack     at EventEmitter.emit (events.js:191:7)
14 verbose stack     at ChildProcess.<anonymous> (D:\ProgramFiles\nodejs\node_global\node_modules\npm\lib\utils\spawn.js:40:14)
14 verbose stack     at emitTwo (events.js:106:13)
14 verbose stack     at ChildProcess.emit (events.js:191:7)
14 verbose stack     at maybeClose (internal/child_process.js:885:16)
14 verbose stack     at Process.ChildProcess._handle.onexit (internal/child_process.js:226:5)
15 verbose pkgid test@1.0.0
16 verbose cwd E:\git\test
17 error Windows_NT 10.0.14393
18 error argv "C:\\Program Files\\nodejs\\node.exe" "D:\\ProgramFiles\\nodejs\\node_global\\node_modules\\npm\\bin\\npm-cli.js" "run" "build"
19 error node v7.2.1
20 error npm  v4.0.3
21 error code ELIFECYCLE
22 error test@1.0.0 build: `babel test -d test_dev -s --retain-lines`
22 error Exit status 2
23 error Failed at the test@1.0.0 build script 'babel test -d test_dev -s --retain-lines'.
23 error Make sure you have the latest version of node.js and npm installed.
23 error If you do, this is most likely a problem with the test package,
23 error not with npm itself.
23 error Tell the author that this fails on your system:
23 error     babel test -d test_dev -s --retain-lines
23 error You can get information on how to open an issue for this project with:
23 error     npm bugs test
23 error Or if that isn't available, you can get their info via:
23 error     npm owner ls test
23 error There is likely additional logging output above.
24 verbose exit [ 1, true ]
